T8B5C 2847:917.824   SEGGER J-Link V8.12a Log File
T8B5C 2847:918.592   DLL Compiled: Jan  9 2025 14:34:24
T8B5C 2847:920.128   Logging started @ 2025-03-05 21:59
T8B5C 2847:920.896   Process: C:\Program Files (x86)\Atmel\Studio\7.0\atbackend\atbackend.exe
T8B5C 2847:922.688 - 109.495ms 
T8B5C 2847:928.576 JLINK_ExecCommand("Device = AT91SAM4S8B", ...). 
T8B5C 2847:929.600   Device "ATSAM4S8BA" selected.
T8B5C 2847:931.136 - 2.048ms returns 0x00
T8B5C 2847:932.416 JLINK_TIF_Select(JLINKARM_TIF_SWD)
T8B5C 2847:936.000 - 3.621ms returns 0x00
T8B5C 2847:937.536 JLINK_SetSpeed(4000)
T8B5C 2847:939.072 - 1.414ms 
T8B5C 2847:939.840 JLINK_ResetPullsRESET(OFF)
T8B5C 2847:940.352 - 0.771ms 
T8B5C 2847:941.120 JLINK_Connect()
T8B5C 2850:511.872   Found SW-DP with ID 0x2BA01477
T8B5C 2850:519.296   DPIDR: 0x2BA01477
T8B5C 2850:520.576   CoreSight SoC-400 or earlier
T8B5C 2850:521.344   Scanning AP map to find all available APs
T8B5C 2850:523.136   AP[1]: Stopped AP scan as end of AP map has been reached
T8B5C 2850:523.648   AP[0]: AHB-AP (IDR: 0x24770011, ADDR: 0x00000000)
T8B5C 2850:524.672   Iterating through AP map to find AHB-AP to use
T8B5C 2850:526.720   AP[0]: Core found
T8B5C 2850:527.488   AP[0]: AHB-AP ROM base: 0xE00FF000
T8B5C 2850:528.768   CPUID register: 0x410FC241. Implementer code: 0x41 (ARM)
T8B5C 2850:529.536   Found Cortex-M4 r0p1, Little endian.
T8B5C 2850:530.816   -- Max. mem block: 0x00002B08
T8B5C 2850:532.352   Cortex-M: The connected J-Link (S/N 801002389) uses an old firmware module: V2 (current is 3)
T8B5C 2850:532.864   CPU_ReadMem(4 bytes @ 0xE000EDF0)
T8B5C 2850:533.888   CPU_WriteMem(4 bytes @ 0xE000EDF0)
T8B5C 2850:534.912   CPU_ReadMem(4 bytes @ 0xE0002000)
T8B5C 2850:536.448   FPUnit: 6 code (BP) slots and 2 literal slots
T8B5C 2850:536.960   CPU_ReadMem(4 bytes @ 0xE000EDFC)
T8B5C 2850:537.984   CPU_WriteMem(4 bytes @ 0xE000EDFC)
T8B5C 2850:539.008   CPU_ReadMem(4 bytes @ 0xE0001000)
T8B5C 2850:540.032   CPU_WriteMem(4 bytes @ 0xE0001000)
T8B5C 2850:541.056   CPU_ReadMem(4 bytes @ 0xE000ED88)
T8B5C 2850:542.080   CPU_WriteMem(4 bytes @ 0xE000ED88)
T8B5C 2850:543.360   CPU_ReadMem(4 bytes @ 0xE000ED88)
T8B5C 2850:544.640   CPU_WriteMem(4 bytes @ 0xE000ED88)
T8B5C 2850:545.664   CoreSight components:
T8B5C 2850:546.432   ROMTbl[0] @ E00FF000
T8B5C 2850:547.200   CPU_ReadMem(64 bytes @ 0xE00FF000)
T8B5C 2850:548.480   CPU_ReadMem(32 bytes @ 0xE000EFE0)
T8B5C 2850:550.016   [0][0]: E000E000 CID B105E00D PID 000BB000 SCS
T8B5C 2850:550.528   CPU_ReadMem(32 bytes @ 0xE0001FE0)
T8B5C 2850:552.320   [0][1]: E0001000 CID B105E00D PID 003BB002 DWT
T8B5C 2850:553.344   CPU_ReadMem(32 bytes @ 0xE0002FE0)
T8B5C 2850:555.136   [0][2]: E0002000 CID B105E00D PID 002BB003 FPB
T8B5C 2850:555.648   CPU_ReadMem(32 bytes @ 0xE0000FE0)
T8B5C 2850:557.184   [0][3]: E0000000 CID B105E00D PID 003BB001 ITM
T8B5C 2850:558.208   CPU_ReadMem(32 bytes @ 0xE0040FE0)
T8B5C 2850:559.488   [0][4]: E0040000 CID B105900D PID 000BB9A1 TPIU
T8B5C 2850:560.256 - 2619.152ms returns 0x00
T8B5C 2850:561.536 JLINK_Halt()
T8B5C 2850:565.632 - 4.199ms returns 0x00
T8B5C 2850:566.144 JLINK_BeginDownload(Flags = 0x00000000)
T8B5C 2850:566.400 - 0.338ms 
T8B5C 2850:566.656 JLINK_WriteMem(0x400E0A04, 0x4 Bytes, ...)
T8B5C 2850:566.912   Data:  0B 01 00 5A
T8B5C 2850:567.680   CPU_WriteMem(4 bytes @ 0x400E0A04)
T8B5C 2850:568.960 - 2.306ms returns 0x4
T8B5C 2850:569.472 JLINK_EndDownload()
T8B5C 2850:569.728 - 0.413ms returns 0 (0x0)
T8B5C 2850:569.984 JLINK_ReadMemHW(0x400E0A08, 0x0004 Bytes, ...)
T8B5C 2850:570.496   CPU_ReadMem(4 bytes @ 0x400E0A08)
T8B5C 2850:571.520   Data:  01 00 00 00
T8B5C 2850:572.032 - 1.960ms returns 0
T8B5C 2850:572.288 JLINK_SetResetType(JLINKARM_CM3_RESET_TYPE_NORMAL)
T8B5C 2850:572.800 - 0.456ms returns JLINKARM_CM3_RESET_TYPE_NORMAL
T8B5C 2850:573.312 JLINK_Reset()
T8B5C 2850:574.080   CPU_ReadMem(16 bytes @ 0x20000000)
T8B5C 2850:575.616   CPU_WriteMem(16 bytes @ 0x20000000)
T8B5C 2850:576.640   CPU_ReadMem(4 bytes @ 0xE000EDFC)
T8B5C 2850:577.920   CPU_WriteMem(4 bytes @ 0xE000EDFC)
T8B5C 2850:578.944   CPU_ReadMem(4 bytes @ 0xE0001000)
T8B5C 2850:595.072   CPU_WriteMem(4 bytes @ 0xE000EDFC)
T8B5C 2850:596.352   CPU_WriteMem(16 bytes @ 0x20000000)
T8B5C 2850:601.216   CPU_WriteMem(4 bytes @ 0xE0002000)
T8B5C 2850:602.496   CPU_ReadMem(4 bytes @ 0xE000EDFC)
T8B5C 2850:603.776   CPU_ReadMem(4 bytes @ 0xE0001000)
T8B5C 2850:604.800 - 31.549ms 
T8B5C 2850:607.360 JLINK_JTAG_GetDeviceID(DeviceIndex = 0)
T8B5C 2850:607.616 - 0.475ms returns 0
T8B5C 2850:608.128 JLINK_ReadMemU32(0x400E0740, 0x1 Items)
T8B5C 2850:608.384   CPU_ReadMem(4 bytes @ 0x400E0740)
T8B5C 2850:609.408   Data:  E0 0A 9C 28
T8B5C 2850:609.664 - 1.760ms returns 1 (0x1)
T8B5C 2850:610.176 JLINK_ReadMemU32(0x400E0744, 0x1 Items)
T8B5C 2850:610.688   CPU_ReadMem(4 bytes @ 0x400E0744)
T8B5C 2850:611.712   Data:  00 00 00 00
T8B5C 2850:611.968 - 1.976ms returns 1 (0x1)
TD8E0 2850:616.576 JLINK_IsHalted()
TD8E0 2850:617.088 - 0.525ms returns TRUE
TD8E0 2850:617.600 JLINK_GetMOEs(...)
TD8E0 2850:618.880   CPU_ReadMem(4 bytes @ 0xE000ED30)
TD8E0 2850:620.160 - 2.492ms returns 0x01
TD8E0 2850:620.416 JLINK_ReadReg(R15 (PC))
TD8E0 2850:620.928 - 0.654ms returns 0xFFFFFFFE
T8B5C 2850:634.240 JLINK_BeginDownload(Flags = 0x00000000)
T8B5C 2850:634.752 - 0.681ms 
T8B5C 2850:635.264 JLINK_WriteMem(0x00400000, 0x4000 Bytes, ...)
T8B5C 2850:635.520   Data:  C8 3E 00 20 E9 13 40 00 E7 13 40 00 E7 13 40 00 ...
T8B5C 2850:637.056   completely In flash
T8B5C 2850:638.080 - 2.794ms returns 0x4000
T8B5C 2850:638.336 JLINK_WriteMem(0x00404000, 0x361C Bytes, ...)
T8B5C 2850:638.848   Data:  08 9B 0A 9A 9D 1A 00 23 FF F7 71 BB 18 9B 0C 9F ...
T8B5C 2850:639.360   completely In flash
T8B5C 2850:640.384 - 1.949ms returns 0x361C
T8B5C 2850:641.152 JLINK_WriteMem(0x0040761C, 0x8 Bytes, ...)
T8B5C 2850:641.920   Data:  78 ED FF 7F 01 00 00 00
T8B5C 2850:642.432   completely In flash
T8B5C 2850:642.688 - 1.615ms returns 0x8
T8B5C 2850:643.456 JLINK_WriteMem(0x00407624, 0x9C0 Bytes, ...)
T8B5C 2850:643.712   Data:  BF F3 5F 8F 01 38 FB D1 70 47 00 00 00 09 3D 00 ...
T8B5C 2850:643.968   completely In flash
T8B5C 2850:644.224 - 0.889ms returns 0x9C0
TD8E0 2850:823.424 JLINK_IsHalted()
TD8E0 2850:823.680 - 0.337ms returns TRUE
T8B5C 2850:824.960 JLINK_EndDownload()
T8B5C 2850:825.728   CPU_ReadMem(4 bytes @ 0xE000ED90)
T8B5C 2850:826.752   CPU_ReadMem(4 bytes @ 0xE000ED94)
T8B5C 2850:827.776    -- --------------------------------------
T8B5C 2850:827.776    -- Flash bank @ 0x00400000: Default: L2 verify disabled because algorithm performs L1 verify
T8B5C 2850:827.776    -- Start of determining dirty areas in flash cache
T8B5C 2850:828.032    -- Filling invalid ranges in sector buffer (flash cache) for sector @ 0x00400000 if necessary
T8B5C 2850:828.288    -- Filling invalid ranges in sector buffer (flash cache) for sector @ 0x00400200 if necessary
T8B5C 2850:828.544    -- Filling invalid ranges in sector buffer (flash cache) for sector @ 0x00400400 if necessary
T8B5C 2850:828.544    -- Filling invalid ranges in sector buffer (flash cache) for sector @ 0x00400600 if necessary
T8B5C 2850:828.800    -- Filling invalid ranges in sector buffer (flash cache) for sector @ 0x00400800 if necessary
T8B5C 2850:828.800    -- Filling invalid ranges in sector buffer (flash cache) for sector @ 0x00400A00 if necessary
T8B5C 2850:828.800    -- Filling invalid ranges in sector buffer (flash cache) for sector @ 0x00400C00 if necessary
T8B5C 2850:829.056    -- Filling invalid ranges in sector buffer (flash cache) for sector @ 0x00400E00 if necessary
T8B5C 2850:829.312    -- Filling invalid ranges in sector buffer (flash cache) for sector @ 0x00401000 if necessary
T8B5C 2850:829.568    -- Filling invalid ranges in sector buffer (flash cache) for sector @ 0x00401200 if necessary
T8B5C 2850:829.824    -- Filling invalid ranges in sector buffer (flash cache) for sector @ 0x00401400 if necessary
T8B5C 2850:829.824    -- Filling invalid ranges in sector buffer (flash cache) for sector @ 0x00401600 if necessary
T8B5C 2850:830.080    -- Filling invalid ranges in sector buffer (flash cache) for sector @ 0x00401800 if necessary
T8B5C 2850:830.080    -- Filling invalid ranges in sector buffer (flash cache) for sector @ 0x00401A00 if necessary
T8B5C 2850:830.336    -- Filling invalid ranges in sector buffer (flash cache) for sector @ 0x00401C00 if necessary
T8B5C 2850:830.336    -- Filling invalid ranges in sector buffer (flash cache) for sector @ 0x00401E00 if necessary
T8B5C 2850:830.592    -- Filling invalid ranges in sector buffer (flash cache) for sector @ 0x00402000 if necessary
T8B5C 2850:830.848    -- Filling invalid ranges in sector buffer (flash cache) for sector @ 0x00402200 if necessary
T8B5C 2850:830.848    -- Filling invalid ranges in sector buffer (flash cache) for sector @ 0x00402400 if necessary
T8B5C 2850:831.104    -- Filling invalid ranges in sector buffer (flash cache) for sector @ 0x00402600 if necessary
T8B5C 2850:831.360    -- Filling invalid ranges in sector buffer (flash cache) for sector @ 0x00402800 if necessary
T8B5C 2850:831.360    -- Filling invalid ranges in sector buffer (flash cache) for sector @ 0x00402A00 if necessary
T8B5C 2850:831.616    -- Filling invalid ranges in sector buffer (flash cache) for sector @ 0x00402C00 if necessary
T8B5C 2850:831.872    -- Filling invalid ranges in sector buffer (flash cache) for sector @ 0x00402E00 if necessary
T8B5C 2850:831.872    -- Filling invalid ranges in sector buffer (flash cache) for sector @ 0x00403000 if necessary
T8B5C 2850:831.872    -- Filling invalid ranges in sector buffer (flash cache) for sector @ 0x00403200 if necessary
T8B5C 2850:832.128    -- Filling invalid ranges in sector buffer (flash cache) for sector @ 0x00403400 if necessary
T8B5C 2850:832.384    -- Filling invalid ranges in sector buffer (flash cache) for sector @ 0x00403600 if necessary
T8B5C 2850:832.640    -- Filling invalid ranges in sector buffer (flash cache) for sector @ 0x00403800 if necessary
T8B5C 2850:832.640    -- Filling invalid ranges in sector buffer (flash cache) for sector @ 0x00403A00 if necessary
T8B5C 2850:832.896    -- Filling invalid ranges in sector buffer (flash cache) for sector @ 0x00403C00 if necessary
T8B5C 2850:832.896    -- Filling invalid ranges in sector buffer (flash cache) for sector @ 0x00403E00 if necessary
T8B5C 2850:833.152    -- Filling invalid ranges in sector buffer (flash cache) for sector @ 0x00404000 if necessary
T8B5C 2850:833.152    -- Filling invalid ranges in sector buffer (flash cache) for sector @ 0x00405000 if necessary
T8B5C 2850:833.408    -- Filling invalid ranges in sector buffer (flash cache) for sector @ 0x00406000 if necessary
T8B5C 2850:833.664    -- Filling invalid ranges in sector buffer (flash cache) for sector @ 0x00407000 if necessary
T8B5C 2850:833.920    -- End of determining dirty areas
T8B5C 2850:833.920    -- Start of preparing flash programming
T8B5C 2850:833.920    -- Calculating RAM usage
T8B5C 2850:834.432    -- RAM usage = 3924 Bytes
T8B5C 2850:834.688    -- Preserving CPU registers
T8B5C 2850:834.688    -- Preparing target
T8B5C 2850:996.480    -- Preserving target RAM temporarily used for programming
T8B5C 2851:019.776    -- Downloading RAMCode
T8B5C 2851:038.464    -- Preparing RAMCode
T8B5C 2851:045.632    -- End of preparing flash programming
T8B5C 2851:047.936    -- CPU is running at 90000 kHz.
T8B5C 2851:048.192    -- Start of comparing flash
T8B5C 2851:048.448    -- CRC check was estimated as fastest method
T8B5C 2851:097.600    -- Comparing range 0x400000 - 0x403FFF (32 Sectors, 16 KB), using multi-block CRC calculation
T8B5C 2851:120.640    -- CRC does not match for sectors 0-31
T8B5C 2851:122.432    -- Comparing range 0x404000 - 0x407FFF (4 Sectors, 16 KB), using multi-block CRC calculation
T8B5C 2851:128.832    -- CRC does not match for sectors 0-3
T8B5C 2851:129.600    -- End of comparing flash
T8B5C 2851:130.112    -- Start of erasing sectors
T8B5C 2851:130.624    -- End of erasing sectors
T8B5C 2851:130.880    -- Start of flash programming
T8B5C 2851:130.880    -- Programming range 0x00400000 - 0x00403FFF ( 32 Sectors, 16 KB)
T8B5C 2851:295.744    -- Programming range 0x00404000 - 0x00407FFF (  4 Sectors, 16 KB)
T8B5C 2851:456.768    -- End of flash programming
T8B5C 2851:457.024    -- 0x400000 - 0x403FFF ( 32 Sectors, 16 KB)
T8B5C 2851:457.280    -- 0x404000 - 0x407FFF (  4 Sectors, 16 KB)
T8B5C 2851:457.280    -- Start of restoring
T8B5C 2851:457.536    -- Restoring RAMCode
T8B5C 2851:474.944    -- Restoring target memory
T8B5C 2851:495.168    -- Restore target
T8B5C 2851:548.160    -- Restoring CPU registers
T8B5C 2851:548.672    -- End of restoring
T8B5C 2851:549.440    -- Bank 0 @ 0x00400000: 2 ranges affected (32768 bytes)
T8B5C 2851:549.696    -- Total: 0.715s (Prepare: 0.214s, Compare: 0.081s, Erase: 0.000s, Program & Verify: 0.337s, Restore: 0.080s)
T8B5C 2851:549.696    -- Program & Verify speed: 95 KB/s
T8B5C 2851:559.936 - 734.829ms returns 32768 (0x8000)
T8B5C 2851:559.936 JLINK_ResetPullsRESET(ON)
T8B5C 2851:560.704 - 0.442ms 
T8B5C 2851:561.216 JLINK_ResetNoHalt()
T8B5C 2851:565.056   Found SW-DP with ID 0x2BA01477
T8B5C 2851:568.384   DPIDR: 0x2BA01477
T8B5C 2851:569.152   CoreSight SoC-400 or earlier
T8B5C 2851:569.920   AP map detection skipped. Manually configured AP map found.
T8B5C 2851:570.176   AP[0]: AHB-AP (IDR: Not set, ADDR: 0x00000000)
T8B5C 2851:574.272   AP[0]: Core found
T8B5C 2851:575.040   AP[0]: AHB-AP ROM base: 0xE00FF000
T8B5C 2851:577.856   CPUID register: 0x410FC241. Implementer code: 0x41 (ARM)
T8B5C 2851:579.392   Found Cortex-M4 r0p1, Little endian.
T8B5C 2851:580.928   -- Max. mem block: 0x00002970
T8B5C 2851:581.696   Cortex-M: The connected J-Link (S/N 801002389) uses an old firmware module: V2 (current is 3)
T8B5C 2851:582.720   CPU_ReadMem(4 bytes @ 0xE000EDF0)
T8B5C 2851:587.072   CPU_ReadMem(4 bytes @ 0xE0002000)
T8B5C 2851:589.120   FPUnit: 6 code (BP) slots and 2 literal slots
T8B5C 2851:591.680   CPU_ReadMem(4 bytes @ 0xE000EDFC)
T8B5C 2851:593.472   CPU_ReadMem(4 bytes @ 0xE0001000)
T8B5C 2851:595.776   CPU_WriteMem(4 bytes @ 0xE0001000)
T8B5C 2851:597.824   CPU_ReadMem(4 bytes @ 0xE000ED88)
T8B5C 2851:599.616   CPU_WriteMem(4 bytes @ 0xE000ED88)
T8B5C 2851:600.896   CPU_ReadMem(4 bytes @ 0xE000ED88)
T8B5C 2851:603.456   CPU_WriteMem(4 bytes @ 0xE000ED88)
T8B5C 2851:604.992   CoreSight components:
T8B5C 2851:606.528   ROMTbl[0] @ E00FF000
T8B5C 2851:607.552   CPU_ReadMem(64 bytes @ 0xE00FF000)
T8B5C 2851:609.344   CPU_ReadMem(32 bytes @ 0xE000EFE0)
T8B5C 2851:611.648   [0][0]: E000E000 CID B105E00D PID 000BB000 SCS
T8B5C 2851:616.256   CPU_ReadMem(32 bytes @ 0xE0001FE0)
T8B5C 2851:618.304   [0][1]: E0001000 CID B105E00D PID 003BB002 DWT
T8B5C 2851:619.328   CPU_ReadMem(32 bytes @ 0xE0002FE0)
T8B5C 2851:621.120   [0][2]: E0002000 CID B105E00D PID 002BB003 FPB
T8B5C 2851:622.144   CPU_ReadMem(32 bytes @ 0xE0000FE0)
T8B5C 2851:623.424   [0][3]: E0000000 CID B105E00D PID 003BB001 ITM
T8B5C 2851:624.448   CPU_ReadMem(32 bytes @ 0xE0040FE0)
T8B5C 2851:625.728   [0][4]: E0040000 CID B105900D PID 000BB9A1 TPIU
T8B5C 2851:626.496   JLINK_Reset()
T8B5C 2851:627.264     CPU_ReadMem(16 bytes @ 0x20000000)
T8B5C 2851:628.288     CPU_WriteMem(16 bytes @ 0x20000000)
T8B5C 2851:629.312     CPU_ReadMem(4 bytes @ 0xE000EDFC)
T8B5C 2851:630.080     CPU_WriteMem(4 bytes @ 0xE000EDFC)
T8B5C 2851:630.848     CPU_ReadMem(4 bytes @ 0xE0001000)
T8B5C 2851:650.048     CPU_WriteMem(4 bytes @ 0xE000EDFC)
T8B5C 2851:651.072     CPU_WriteMem(16 bytes @ 0x20000000)
T8B5C 2851:656.448     CPU_WriteMem(4 bytes @ 0xE0002000)
T8B5C 2851:657.984     CPU_ReadMem(4 bytes @ 0xE000EDFC)
T8B5C 2851:659.264     CPU_ReadMem(4 bytes @ 0xE0001000)
T8B5C 2851:660.800   - 34.280ms 
T8B5C 2851:661.312   JLINK_Go()
T8B5C 2851:661.824     CPU_ReadMem(4 bytes @ 0xE0001000)
T8B5C 2851:663.360     CPU_WriteMem(4 bytes @ 0xE0001004)
T8B5C 2851:665.408     Memory map 'after startup completion point' is active
T8B5C 2851:665.664   - 4.276ms 
T8B5C 2851:665.920 - 104.577ms 
T8B5C 2851:680.256 JLINK_Close()
T8B5C 2851:703.296 - 22.974ms
T8B5C 2851:703.296   
T8B5C 2851:703.296   Closed
