TD0AC 5078:795.264   SEGGER J-Link V8.12a Log File
TD0AC 5078:795.264   DLL Compiled: Jan  9 2025 14:34:24
TD0AC 5078:795.776   Logging started @ 2025-03-03 23:38
TD0AC 5078:796.288   Process: C:\Program Files (x86)\Atmel\Studio\7.0\atbackend\atbackend.exe
TD0AC 5078:796.288 - 11364.296ms 
TD0AC 5078:800.896 JLINK_ExecCommand("Device = AT91SAM4S8B", ...). 
TD0AC 5078:801.408   Device "ATSAM4S8BA" selected.
TD0AC 5078:801.920 - 0.847ms returns 0x00
TD0AC 5079:029.760 JLINK_TIF_Select(JLINKARM_TIF_SWD)
TD0AC 5079:032.320 - 2.460ms returns 0x00
TD0AC 5079:032.832 JLINK_SetSpeed(4000)
TD0AC 5079:033.856 - 0.710ms 
TD0AC 5079:034.368 JLINK_ResetPullsRESET(OFF)
TD0AC 5079:034.880 - 0.322ms 
TD0AC 5079:034.880 JLINK_Connect()
TD0AC 5079:037.440   Found SW-DP with ID 0x2BA01477
TD0AC 5079:042.560   DPIDR: 0x2BA01477
TD0AC 5079:043.072   CoreSight SoC-400 or earlier
TD0AC 5079:043.072   Scanning AP map to find all available APs
TD0AC 5079:044.608   AP[1]: Stopped AP scan as end of AP map has been reached
TD0AC 5079:045.120   AP[0]: AHB-AP (IDR: 0x24770011, ADDR: 0x00000000)
TD0AC 5079:045.120   Iterating through AP map to find AHB-AP to use
TD0AC 5079:046.656   AP[0]: Core found
TD0AC 5079:047.168   AP[0]: AHB-AP ROM base: 0xE00FF000
TD0AC 5079:047.680   CPUID register: 0x410FC241. Implementer code: 0x41 (ARM)
TD0AC 5079:048.192   Found Cortex-M4 r0p1, Little endian.
TD0AC 5079:049.216   -- Max. mem block: 0x00002B08
TD0AC 5079:050.752   Cortex-M: The connected J-Link (S/N 801002389) uses an old firmware module: V2 (current is 3)
TD0AC 5079:051.776   CPU_ReadMem(4 bytes @ 0xE000EDF0)
TD0AC 5079:052.288   CPU_WriteMem(4 bytes @ 0xE000EDF0)
TD0AC 5079:053.312   CPU_ReadMem(4 bytes @ 0xE0002000)
TD0AC 5079:053.824   FPUnit: 6 code (BP) slots and 2 literal slots
TD0AC 5079:054.336   CPU_ReadMem(4 bytes @ 0xE000EDFC)
TD0AC 5079:055.360   CPU_WriteMem(4 bytes @ 0xE000EDFC)
TD0AC 5079:055.872   CPU_ReadMem(4 bytes @ 0xE0001000)
TD0AC 5079:056.384   CPU_WriteMem(4 bytes @ 0xE0001000)
TD0AC 5079:057.408   CPU_ReadMem(4 bytes @ 0xE000ED88)
TD0AC 5079:057.920   CPU_WriteMem(4 bytes @ 0xE000ED88)
TD0AC 5079:058.944   CPU_ReadMem(4 bytes @ 0xE000ED88)
TD0AC 5079:059.456   CPU_WriteMem(4 bytes @ 0xE000ED88)
TD0AC 5079:060.480   CoreSight components:
TD0AC 5079:060.992   ROMTbl[0] @ E00FF000
TD0AC 5079:060.992   CPU_ReadMem(64 bytes @ 0xE00FF000)
TD0AC 5079:062.016   CPU_ReadMem(32 bytes @ 0xE000EFE0)
TD0AC 5079:063.040   [0][0]: E000E000 CID B105E00D PID 000BB000 SCS
TD0AC 5079:063.552   CPU_ReadMem(32 bytes @ 0xE0001FE0)
TD0AC 5079:064.576   [0][1]: E0001000 CID B105E00D PID 003BB002 DWT
TD0AC 5079:065.088   CPU_ReadMem(32 bytes @ 0xE0002FE0)
TD0AC 5079:066.112   [0][2]: E0002000 CID B105E00D PID 002BB003 FPB
TD0AC 5079:066.112   CPU_ReadMem(32 bytes @ 0xE0000FE0)
TD0AC 5079:067.136   [0][3]: E0000000 CID B105E00D PID 003BB001 ITM
TD0AC 5079:067.648   CPU_ReadMem(32 bytes @ 0xE0040FE0)
TD0AC 5079:068.160   [0][4]: E0040000 CID B105900D PID 000BB9A1 TPIU
TD0AC 5079:068.160 - 33.307ms returns 0x00
TD0AC 5079:068.160 JLINK_Halt()
TD0AC 5079:071.744 - 3.448ms returns 0x00
TD0AC 5079:071.744 JLINK_BeginDownload(Flags = 0x00000000)
TD0AC 5079:071.744 - 0.079ms 
TD0AC 5079:071.744 JLINK_WriteMem(0x400E0A04, 0x4 Bytes, ...)
TD0AC 5079:072.256   Data:  0B 01 00 5A
TD0AC 5079:072.768   CPU_WriteMem(4 bytes @ 0x400E0A04)
TD0AC 5079:073.280 - 1.222ms returns 0x4
TD0AC 5079:073.792 JLINK_EndDownload()
TD0AC 5079:073.792 - 0.064ms returns 0 (0x0)
TD0AC 5079:073.792 JLINK_ReadMemHW(0x400E0A08, 0x0004 Bytes, ...)
TD0AC 5079:073.792   CPU_ReadMem(4 bytes @ 0x400E0A08)
TD0AC 5079:074.304   Data:  01 00 00 00
TD0AC 5079:074.304 - 0.863ms returns 0
TD0AC 5079:074.304 JLINK_SetResetType(JLINKARM_CM3_RESET_TYPE_NORMAL)
TD0AC 5079:074.304 - 0.054ms returns JLINKARM_CM3_RESET_TYPE_NORMAL
TD0AC 5079:074.304 JLINK_Reset()
TD0AC 5079:075.328   CPU_ReadMem(16 bytes @ 0x20000000)
TD0AC 5079:075.840   CPU_WriteMem(16 bytes @ 0x20000000)
TD0AC 5079:076.352   CPU_ReadMem(4 bytes @ 0xE000EDFC)
TD0AC 5079:077.376   CPU_WriteMem(4 bytes @ 0xE000EDFC)
TD0AC 5079:077.888   CPU_ReadMem(4 bytes @ 0xE0001000)
TD0AC 5079:093.760   CPU_WriteMem(4 bytes @ 0xE000EDFC)
TD0AC 5079:094.272   CPU_WriteMem(16 bytes @ 0x20000000)
TD0AC 5079:098.368   CPU_WriteMem(4 bytes @ 0xE0002000)
TD0AC 5079:099.392   CPU_ReadMem(4 bytes @ 0xE000EDFC)
TD0AC 5079:099.904   CPU_ReadMem(4 bytes @ 0xE0001000)
TD0AC 5079:100.416 - 26.006ms 
TD0AC 5079:101.440 JLINK_JTAG_GetDeviceID(DeviceIndex = 0)
TD0AC 5079:101.440 - 0.091ms returns 0
TD0AC 5079:101.952 JLINK_ReadMemU32(0x400E0740, 0x1 Items)
TD0AC 5079:101.952   CPU_ReadMem(4 bytes @ 0x400E0740)
TD0AC 5079:102.464   Data:  E0 0A 9C 28
TD0AC 5079:102.464 - 0.817ms returns 1 (0x1)
TD0AC 5079:102.464 JLINK_ReadMemU32(0x400E0744, 0x1 Items)
TD0AC 5079:102.464   CPU_ReadMem(4 bytes @ 0x400E0744)
TD0AC 5079:103.488   Data:  00 00 00 00
TD0AC 5079:103.488 - 0.749ms returns 1 (0x1)
TD0AC 5079:103.488 JLINK_BeginDownload(Flags = 0x00000000)
TD0AC 5079:103.488 - 0.091ms 
TD0AC 5079:104.000 JLINK_WriteMem(0x400E0A04, 0x4 Bytes, ...)
TD0AC 5079:104.000   Data:  05 00 00 5A
TD0AC 5079:104.000   CPU_WriteMem(4 bytes @ 0x400E0A04)
TD0AC 5079:104.512 - 0.794ms returns 0x4
TD0AC 5079:104.512 JLINK_EndDownload()
TD0AC 5079:104.512 - 0.043ms returns 0 (0x0)
TD0AC 5079:104.512 JLINK_ReadMemHW(0x400E0A08, 0x0004 Bytes, ...)
TD0AC 5079:104.512   CPU_ReadMem(4 bytes @ 0x400E0A08)
TD0AC 5079:105.024   Data:  00 00 00 00
TD0AC 5079:105.536 - 0.692ms returns 0
TD0AC 5079:106.048 JLINK_ReadMemHW(0x400E0A08, 0x0004 Bytes, ...)
TD0AC 5079:106.048   CPU_ReadMem(4 bytes @ 0x400E0A08)
TD0AC 5079:106.560   Data:  00 00 00 00
TD0AC 5079:106.560 - 0.727ms returns 0
TD0AC 5079:110.144 JLINK_ReadMemHW(0x400E0A08, 0x0004 Bytes, ...)
TD0AC 5079:110.144   CPU_ReadMem(4 bytes @ 0x400E0A08)
TD0AC 5079:110.656   Data:  00 00 00 00
TD0AC 5079:110.656 - 0.762ms returns 0
TA694 5079:112.192 JLINK_IsHalted()
TA694 5079:112.192 - 0.077ms returns TRUE
TA694 5079:112.192 JLINK_GetMOEs(...)
TA694 5079:112.192   CPU_ReadMem(4 bytes @ 0xE000ED30)
TA694 5079:112.704 - 0.589ms returns 0x01
TA694 5079:112.704 JLINK_ReadReg(R15 (PC))
TA694 5079:112.704 - 0.073ms returns 0x004010A4
TD0AC 5079:127.040 JLINK_ReadMemHW(0x400E0A08, 0x0004 Bytes, ...)
TD0AC 5079:127.040   CPU_ReadMem(4 bytes @ 0x400E0A08)
TD0AC 5079:127.552   Data:  00 00 00 00
TD0AC 5079:127.552 - 0.934ms returns 0
TD0AC 5079:192.576 JLINK_ReadMemHW(0x400E0A08, 0x0004 Bytes, ...)
TD0AC 5079:192.576   CPU_ReadMem(4 bytes @ 0x400E0A08)
TD0AC 5079:193.088   Data:  00 00 00 00
TD0AC 5079:193.088 - 0.811ms returns 0
TA694 5079:314.432 JLINK_IsHalted()
TA694 5079:314.944 - 0.326ms returns TRUE
TD0AC 5079:448.576 JLINK_ReadMemHW(0x400E0A08, 0x0004 Bytes, ...)
TD0AC 5079:448.576   CPU_ReadMem(4 bytes @ 0x400E0A08)
TD0AC 5079:450.112   Data:  00 00 00 00
TD0AC 5079:450.112 - 1.315ms returns 0
TA694 5079:516.160 JLINK_IsHalted()
TA694 5079:516.160 - 0.414ms returns TRUE
TA694 5079:717.376 JLINK_IsHalted()
TA694 5079:718.912 - 1.028ms returns TRUE
TA694 5079:921.152 JLINK_IsHalted()
TA694 5079:921.664 - 0.350ms returns TRUE
TA694 5080:124.416 JLINK_IsHalted()
TA694 5080:124.928 - 0.366ms returns TRUE
TA694 5080:326.144 JLINK_IsHalted()
TA694 5080:327.168 - 1.038ms returns TRUE
TD0AC 5080:461.824 JLINK_ReadMemHW(0x400E0A08, 0x0004 Bytes, ...)
TD0AC 5080:461.824   CPU_ReadMem(4 bytes @ 0x400E0A08)
TD0AC 5080:462.848   Data:  00 00 00 00
TD0AC 5080:463.360 - 1.607ms returns 0
TD0AC 5080:463.872 JLINK_ReadMemHW(0x400E0A08, 0x0004 Bytes, ...)
TD0AC 5080:463.872   CPU_ReadMem(4 bytes @ 0x400E0A08)
TD0AC 5080:465.408   Data:  00 00 00 00
TD0AC 5080:465.408 - 1.738ms returns 0
TD0AC 5080:467.456 JLINK_ReadMemHW(0x400E0A08, 0x0004 Bytes, ...)
TD0AC 5080:467.456   CPU_ReadMem(4 bytes @ 0x400E0A08)
TD0AC 5080:468.480   Data:  00 00 00 00
TD0AC 5080:468.480 - 0.801ms returns 0
TD0AC 5080:477.696 JLINK_ReadMemHW(0x400E0A08, 0x0004 Bytes, ...)
TD0AC 5080:477.696   CPU_ReadMem(4 bytes @ 0x400E0A08)
TD0AC 5080:478.720   Data:  00 00 00 00
TD0AC 5080:478.720 - 1.070ms returns 0
TD0AC 5080:497.664 JLINK_ReadMemHW(0x400E0A08, 0x0004 Bytes, ...)
TD0AC 5080:498.176   CPU_ReadMem(4 bytes @ 0x400E0A08)
TD0AC 5080:499.200   Data:  00 00 00 00
TD0AC 5080:499.200 - 1.369ms returns 0
TA694 5080:527.872 JLINK_IsHalted()
TA694 5080:527.872 - 0.096ms returns TRUE
TD0AC 5080:581.632 JLINK_ReadMemHW(0x400E0A08, 0x0004 Bytes, ...)
TD0AC 5080:582.656   CPU_ReadMem(4 bytes @ 0x400E0A08)
TD0AC 5080:583.168   Data:  00 00 00 00
TD0AC 5080:583.680 - 2.114ms returns 0
TA694 5080:730.624 JLINK_IsHalted()
TA694 5080:734.720 - 3.782ms returns TRUE
TD0AC 5080:840.704 JLINK_ReadMemHW(0x400E0A08, 0x0004 Bytes, ...)
TD0AC 5080:840.704   CPU_ReadMem(4 bytes @ 0x400E0A08)
TD0AC 5080:841.216   Data:  00 00 00 00
TD0AC 5080:841.216 - 1.108ms returns 0
TA694 5080:946.176 JLINK_IsHalted()
TA694 5080:947.712 - 1.390ms returns TRUE
TA694 5081:147.904 JLINK_IsHalted()
TA694 5081:147.904 - 0.300ms returns TRUE
TA694 5081:349.120 JLINK_IsHalted()
TA694 5081:349.120 - 0.342ms returns TRUE
TA694 5081:549.312 JLINK_IsHalted()
TA694 5081:555.456 - 5.833ms returns TRUE
TA694 5081:760.768 JLINK_IsHalted()
TA694 5081:760.768 - 0.156ms returns TRUE
TD0AC 5081:843.200 JLINK_ReadMemHW(0x400E0A08, 0x0004 Bytes, ...)
TD0AC 5081:843.712   CPU_ReadMem(4 bytes @ 0x400E0A08)
TD0AC 5081:844.224   Data:  00 00 00 00
TD0AC 5081:844.736 - 1.077ms returns 0
TD0AC 5081:844.736 JLINK_ReadMemHW(0x400E0A08, 0x0004 Bytes, ...)
TD0AC 5081:844.736   CPU_ReadMem(4 bytes @ 0x400E0A08)
TD0AC 5081:845.760   Data:  00 00 00 00
TD0AC 5081:845.760 - 1.210ms returns 0
TD0AC 5081:846.784 JLINK_ReadMemHW(0x400E0A08, 0x0004 Bytes, ...)
TD0AC 5081:846.784   CPU_ReadMem(4 bytes @ 0x400E0A08)
TD0AC 5081:847.808   Data:  00 00 00 00
TD0AC 5081:847.808 - 0.761ms returns 0
TD0AC 5081:851.904 JLINK_ReadMemHW(0x400E0A08, 0x0004 Bytes, ...)
TD0AC 5081:851.904   CPU_ReadMem(4 bytes @ 0x400E0A08)
TD0AC 5081:852.928   Data:  00 00 00 00
TD0AC 5081:852.928 - 0.796ms returns 0
TD0AC 5081:874.944 JLINK_ReadMemHW(0x400E0A08, 0x0004 Bytes, ...)
TD0AC 5081:875.456   CPU_ReadMem(4 bytes @ 0x400E0A08)
TD0AC 5081:876.480   Data:  00 00 00 00
TD0AC 5081:876.480 - 1.691ms returns 0
TD0AC 5081:940.480 JLINK_ReadMemHW(0x400E0A08, 0x0004 Bytes, ...)
TD0AC 5081:940.480   CPU_ReadMem(4 bytes @ 0x400E0A08)
TD0AC 5081:940.992   Data:  00 00 00 00
TD0AC 5081:941.504 - 1.216ms returns 0
TA694 5081:960.960 JLINK_IsHalted()
TA694 5081:960.960 - 0.248ms returns TRUE
TA694 5082:161.664 JLINK_IsHalted()
TA694 5082:162.176 - 0.985ms returns TRUE
TD0AC 5082:198.016 JLINK_ReadMemHW(0x400E0A08, 0x0004 Bytes, ...)
TD0AC 5082:198.528   CPU_ReadMem(4 bytes @ 0x400E0A08)
TD0AC 5082:199.040   Data:  00 00 00 00
TD0AC 5082:199.040 - 0.965ms returns 0
TA694 5082:363.904 JLINK_IsHalted()
TA694 5082:364.416 - 0.541ms returns TRUE
TA694 5082:564.096 JLINK_IsHalted()
TA694 5082:564.096 - 0.189ms returns TRUE
TA694 5082:764.288 JLINK_IsHalted()
TA694 5082:764.800 - 0.682ms returns TRUE
TA694 5082:967.040 JLINK_IsHalted()
TA694 5082:967.552 - 0.289ms returns TRUE
TA694 5083:168.256 JLINK_IsHalted()
TA694 5083:168.768 - 0.301ms returns TRUE
TD0AC 5083:198.976 JLINK_ReadMemHW(0x400E0A08, 0x0004 Bytes, ...)
TD0AC 5083:198.976   CPU_ReadMem(4 bytes @ 0x400E0A08)
TD0AC 5083:200.512   Data:  00 00 00 00
TD0AC 5083:200.512 - 1.500ms returns 0
TD0AC 5083:200.512 JLINK_ReadMemHW(0x400E0A08, 0x0004 Bytes, ...)
TD0AC 5083:201.536   CPU_ReadMem(4 bytes @ 0x400E0A08)
TD0AC 5083:202.048   Data:  00 00 00 00
TD0AC 5083:202.560 - 1.562ms returns 0
TD0AC 5083:202.560 JLINK_ReadMemHW(0x400E0A08, 0x0004 Bytes, ...)
TD0AC 5083:202.560   CPU_ReadMem(4 bytes @ 0x400E0A08)
TD0AC 5083:203.072   Data:  00 00 00 00
TD0AC 5083:203.584 - 0.697ms returns 0
TD0AC 5083:208.192 JLINK_ReadMemHW(0x400E0A08, 0x0004 Bytes, ...)
TD0AC 5083:208.192   CPU_ReadMem(4 bytes @ 0x400E0A08)
TD0AC 5083:208.704   Data:  00 00 00 00
TD0AC 5083:208.704 - 0.813ms returns 0
TD0AC 5083:228.160 JLINK_ReadMemHW(0x400E0A08, 0x0004 Bytes, ...)
TD0AC 5083:228.672   CPU_ReadMem(4 bytes @ 0x400E0A08)
TD0AC 5083:229.184   Data:  00 00 00 00
TD0AC 5083:230.208 - 1.837ms returns 0
TD0AC 5083:297.792 JLINK_ReadMemHW(0x400E0A08, 0x0004 Bytes, ...)
TD0AC 5083:298.304   CPU_ReadMem(4 bytes @ 0x400E0A08)
TD0AC 5083:298.816   Data:  00 00 00 00
TD0AC 5083:298.816 - 1.176ms returns 0
TA694 5083:372.544 JLINK_IsHalted()
TA694 5083:373.568 - 0.963ms returns TRUE
TD0AC 5083:558.912 JLINK_ReadMemHW(0x400E0A08, 0x0004 Bytes, ...)
TD0AC 5083:559.424   CPU_ReadMem(4 bytes @ 0x400E0A08)
TD0AC 5083:560.448   Data:  00 00 00 00
TD0AC 5083:560.960 - 1.620ms returns 0
TA694 5083:577.856 JLINK_IsHalted()
TA694 5083:578.368 - 0.186ms returns TRUE
TA694 5083:778.560 JLINK_IsHalted()
TA694 5083:778.560 - 0.269ms returns TRUE
TA694 5083:978.752 JLINK_IsHalted()
TA694 5083:979.264 - 0.691ms returns TRUE
TA694 5084:182.016 JLINK_IsHalted()
TA694 5084:182.528 - 0.221ms returns TRUE
TA694 5084:386.816 JLINK_IsHalted()
TA694 5084:386.816 - 0.167ms returns TRUE
TD0AC 5084:561.408 JLINK_ReadMemHW(0x400E0A08, 0x0004 Bytes, ...)
TD0AC 5084:561.920   CPU_ReadMem(4 bytes @ 0x400E0A08)
TD0AC 5084:562.432   Data:  00 00 00 00
TD0AC 5084:562.432 - 1.294ms returns 0
TD0AC 5084:563.456 JLINK_ReadMemHW(0x400E0A08, 0x0004 Bytes, ...)
TD0AC 5084:563.456   CPU_ReadMem(4 bytes @ 0x400E0A08)
TD0AC 5084:564.480   Data:  00 00 00 00
TD0AC 5084:564.992 - 1.518ms returns 0
TD0AC 5084:566.528 JLINK_ReadMemHW(0x400E0A08, 0x0004 Bytes, ...)
TD0AC 5084:566.528   CPU_ReadMem(4 bytes @ 0x400E0A08)
TD0AC 5084:567.040   Data:  00 00 00 00
TD0AC 5084:567.040 - 1.051ms returns 0
TD0AC 5084:574.720 JLINK_ReadMemHW(0x400E0A08, 0x0004 Bytes, ...)
TD0AC 5084:574.720   CPU_ReadMem(4 bytes @ 0x400E0A08)
TD0AC 5084:575.232   Data:  00 00 00 00
TD0AC 5084:575.744 - 0.938ms returns 0
TA694 5084:587.008 JLINK_IsHalted()
TA694 5084:587.520 - 0.634ms returns TRUE
TD0AC 5084:592.640 JLINK_ReadMemHW(0x400E0A08, 0x0004 Bytes, ...)
TD0AC 5084:592.640   CPU_ReadMem(4 bytes @ 0x400E0A08)
TD0AC 5084:593.152   Data:  00 00 00 00
TD0AC 5084:593.152 - 0.838ms returns 0
TD0AC 5084:658.176 JLINK_ReadMemHW(0x400E0A08, 0x0004 Bytes, ...)
TD0AC 5084:658.176   CPU_ReadMem(4 bytes @ 0x400E0A08)
TD0AC 5084:659.200   Data:  00 00 00 00
TD0AC 5084:659.200 - 1.364ms returns 0
TA694 5084:787.712 JLINK_IsHalted()
TA694 5084:788.224 - 0.289ms returns TRUE
TD0AC 5084:916.224 JLINK_ReadMemHW(0x400E0A08, 0x0004 Bytes, ...)
TD0AC 5084:916.736   CPU_ReadMem(4 bytes @ 0x400E0A08)
TD0AC 5084:918.272   Data:  01 00 00 00
TD0AC 5084:918.784 - 2.395ms returns 0
TA694 5084:990.464 JLINK_IsHalted()
TA694 5084:990.464 - 0.174ms returns TRUE
TD0AC 5084:991.488 JLINK_ResetPullsRESET(ON)
TD0AC 5084:992.000 - 0.163ms 
TD0AC 5084:992.000 JLINK_ResetNoHalt()
TD0AC 5084:993.536   Found SW-DP with ID 0x2BA01477
TD0AC 5084:996.608   DPIDR: 0x2BA01477
TD0AC 5084:997.120   CoreSight SoC-400 or earlier
TD0AC 5084:997.120   AP map detection skipped. Manually configured AP map found.
TD0AC 5084:997.120   AP[0]: AHB-AP (IDR: Not set, ADDR: 0x00000000)
TD0AC 5084:998.656   AP[0]: Core found
TD0AC 5084:998.656   AP[0]: AHB-AP ROM base: 0xE00FF000
TD0AC 5084:999.680   CPUID register: 0x410FC241. Implementer code: 0x41 (ARM)
TD0AC 5085:000.192   Found Cortex-M4 r0p1, Little endian.
TD0AC 5085:000.704   -- Max. mem block: 0x000029B8
TD0AC 5085:000.704   Cortex-M: The connected J-Link (S/N 801002389) uses an old firmware module: V2 (current is 3)
TD0AC 5085:000.704   CPU_ReadMem(4 bytes @ 0xE000EDF0)
TD0AC 5085:001.216   CPU_ReadMem(4 bytes @ 0xE0002000)
TD0AC 5085:002.240   FPUnit: 6 code (BP) slots and 2 literal slots
TD0AC 5085:002.240   CPU_ReadMem(4 bytes @ 0xE000EDFC)
TD0AC 5085:002.752   CPU_ReadMem(4 bytes @ 0xE0001000)
TD0AC 5085:003.264   CPU_WriteMem(4 bytes @ 0xE0001000)
TD0AC 5085:004.288   CPU_ReadMem(4 bytes @ 0xE000ED88)
TD0AC 5085:004.800   CPU_WriteMem(4 bytes @ 0xE000ED88)
TD0AC 5085:005.312   CPU_ReadMem(4 bytes @ 0xE000ED88)
TD0AC 5085:005.824   CPU_WriteMem(4 bytes @ 0xE000ED88)
TD0AC 5085:006.848   CoreSight components:
TD0AC 5085:006.848   ROMTbl[0] @ E00FF000
TD0AC 5085:006.848   CPU_ReadMem(64 bytes @ 0xE00FF000)
TD0AC 5085:007.872   CPU_ReadMem(32 bytes @ 0xE000EFE0)
TD0AC 5085:008.896   [0][0]: E000E000 CID B105E00D PID 000BB000 SCS
TD0AC 5085:008.896   CPU_ReadMem(32 bytes @ 0xE0001FE0)
TD0AC 5085:009.920   [0][1]: E0001000 CID B105E00D PID 003BB002 DWT
TD0AC 5085:010.432   CPU_ReadMem(32 bytes @ 0xE0002FE0)
TD0AC 5085:010.944   [0][2]: E0002000 CID B105E00D PID 002BB003 FPB
TD0AC 5085:010.944   CPU_ReadMem(32 bytes @ 0xE0000FE0)
TD0AC 5085:011.968   [0][3]: E0000000 CID B105E00D PID 003BB001 ITM
TD0AC 5085:012.480   CPU_ReadMem(32 bytes @ 0xE0040FE0)
TD0AC 5085:012.992   [0][4]: E0040000 CID B105900D PID 000BB9A1 TPIU
TD0AC 5085:012.992   JLINK_Reset()
TD0AC 5085:012.992     CPU_ReadMem(16 bytes @ 0x20000000)
TD0AC 5085:014.016     CPU_WriteMem(16 bytes @ 0x20000000)
TD0AC 5085:015.040     CPU_ReadMem(4 bytes @ 0xE000EDFC)
TD0AC 5085:015.040     CPU_WriteMem(4 bytes @ 0xE000EDFC)
TD0AC 5085:016.064     CPU_ReadMem(4 bytes @ 0xE0001000)
TD0AC 5085:017.088     CPU_WriteMem(4 bytes @ 0xE0001004)
TD0AC 5085:032.448     CPU_WriteMem(4 bytes @ 0xE000EDFC)
TD0AC 5085:033.472     CPU_WriteMem(16 bytes @ 0x20000000)
TD0AC 5085:037.568     CPU_WriteMem(4 bytes @ 0xE0002000)
TD0AC 5085:038.080     CPU_ReadMem(4 bytes @ 0xE000EDFC)
TD0AC 5085:038.592     CPU_ReadMem(4 bytes @ 0xE0001000)
TD0AC 5085:039.616   - 26.068ms 
TD0AC 5085:039.616   JLINK_Go()
TD0AC 5085:039.616     CPU_ReadMem(4 bytes @ 0xE0001000)
TD0AC 5085:040.128     CPU_WriteMem(4 bytes @ 0xE0001004)
TD0AC 5085:041.664     Memory map 'after startup completion point' is active
TD0AC 5085:041.664   - 2.218ms 
TD0AC 5085:041.664 - 49.790ms 
TD0AC 5085:044.224 JLINK_Close()
TD0AC 5085:065.216 - 21.128ms
TD0AC 5085:066.240   
TD0AC 5085:066.240   Closed
