T2AE8 6902:377.472   SEGGER J-Link V8.12a Log File
T2AE8 6902:378.496   DLL Compiled: Jan  9 2025 14:34:24
T2AE8 6902:378.496   Logging started @ 2025-03-10 17:57
T2AE8 6902:379.520   Process: C:\Program Files (x86)\Atmel\Studio\7.0\atbackend\atbackend.exe
T2AE8 6902:379.520 - 373989.440ms 
T2AE8 6902:384.128 JLINK_EMU_SelectByUSBSN(SerialNo = 801002389)
T2AE8 6902:387.712 - 2.809ms returns 0xFFFFFFFF
T2AE8 6902:387.712 JLINK_OpenEx(...)
T2AE8 6902:407.168   Looking for J-Link GUI Server exe at: C:\Program Files (x86)\Atmel\Studio\7.0\atbackend\JLinkGUIServer.exe
T2AE8 6902:408.192   Looking for J-Link GUI Server exe at: C:\Program Files\SEGGER\JLink_V812a\JLinkGUIServer.exe
T2AE8 6902:408.192   Forking J-Link GUI Server: C:\Program Files\SEGGER\JLink_V812a\JLinkGUIServer.exe
T2AE8 6902:891.520   J-Link GUI Server info: "J-Link GUI server V8.12a "
T2AE8 7005:657.600   J-Link GUI Server: GUI server seems to be unresponsive. Assuming connection breakdown.
T2AE8 7005:663.232   
  ***** Error: 
T2AE8 7005:664.256   Cannot connect to J-Link.
T2AE8 7005:891.584 - 103504.304ms returns "Cannot connect to J-Link."
TAA94 7005:907.456 JLINK_EMU_GetList(InterfaceMask = 0x00000001, MaxInfos = 0x00000032) 
TAA94 7005:911.552 - 3.646ms returns 0
TAA94 7005:911.552 JLINK_EMU_GetList(InterfaceMask = 0x00000002, MaxInfos = 0x00000032) 
TAA94 7005:916.160 - 5.152ms returns 0
T2AE8 7005:918.720 JLINK_ExecCommand("ProjectFile = C:\Users\elian\GitHub\ee326\firmware\firmware\jlink.config", ...). 
T2AE8 7005:920.256 - 1.482ms returns 0x00
T2AE8 7005:929.472 JLINK_SetLogFile(...)
T2AE8 7005:932.544 - 2.931ms 
T89A4 7011:314.688 JLINK_EMU_GetList(InterfaceMask = 0x00000001, MaxInfos = 0x00000032) 
T89A4 7011:325.440 - 10.654ms returns 0
T89A4 7011:333.632 JLINK_EMU_GetList(InterfaceMask = 0x00000002, MaxInfos = 0x00000032) 
T89A4 7011:370.496 - 36.384ms returns 0
T89A4 7012:510.720 JLINK_EMU_GetList(InterfaceMask = 0x00000001, MaxInfos = 0x00000032) 
T89A4 7012:514.816 - 4.410ms returns 0
T89A4 7012:515.840 JLINK_EMU_GetList(InterfaceMask = 0x00000002, MaxInfos = 0x00000032) 
T89A4 7012:542.976 - 27.043ms returns 0
T89A4 7013:671.936 JLINK_EMU_GetList(InterfaceMask = 0x00000001, MaxInfos = 0x00000032) 
T89A4 7013:676.544 - 4.349ms returns 0
T89A4 7013:676.544 JLINK_EMU_GetList(InterfaceMask = 0x00000002, MaxInfos = 0x00000032) 
T89A4 7013:705.216 - 28.657ms returns 0
T89A4 7014:816.256 JLINK_EMU_GetList(InterfaceMask = 0x00000001, MaxInfos = 0x00000032) 
T89A4 7014:818.816 - 2.642ms returns 0
T89A4 7014:818.816 JLINK_EMU_GetList(InterfaceMask = 0x00000002, MaxInfos = 0x00000032) 
T89A4 7014:845.440 - 26.491ms returns 0
T89A4 7015:927.808 JLINK_EMU_GetList(InterfaceMask = 0x00000001, MaxInfos = 0x00000032) 
T89A4 7015:929.344 - 2.182ms returns 0
T89A4 7015:930.368 JLINK_EMU_GetList(InterfaceMask = 0x00000002, MaxInfos = 0x00000032) 
T89A4 7015:955.456 - 26.039ms returns 0
T89A4 7017:015.808 JLINK_EMU_GetList(InterfaceMask = 0x00000001, MaxInfos = 0x00000032) 
T89A4 7017:017.344 - 1.515ms returns 0
T89A4 7017:017.344 JLINK_EMU_GetList(InterfaceMask = 0x00000002, MaxInfos = 0x00000032) 
T89A4 7017:042.944 - 25.204ms returns 0
T89A4 7018:116.608 JLINK_EMU_GetList(InterfaceMask = 0x00000001, MaxInfos = 0x00000032) 
T89A4 7018:118.144 - 1.483ms returns 0
T89A4 7018:118.144 JLINK_EMU_GetList(InterfaceMask = 0x00000002, MaxInfos = 0x00000032) 
T89A4 7018:144.768 - 25.732ms returns 0
T89A4 7019:228.160 JLINK_EMU_GetList(InterfaceMask = 0x00000001, MaxInfos = 0x00000032) 
T89A4 7019:230.208 - 1.855ms returns 0
T89A4 7019:230.720 JLINK_EMU_GetList(InterfaceMask = 0x00000002, MaxInfos = 0x00000032) 
T89A4 7019:255.296 - 25.102ms returns 0
T89A4 7020:319.744 JLINK_EMU_GetList(InterfaceMask = 0x00000001, MaxInfos = 0x00000032) 
T89A4 7020:321.280 - 1.804ms returns 0
T89A4 7020:321.792 JLINK_EMU_GetList(InterfaceMask = 0x00000002, MaxInfos = 0x00000032) 
T89A4 7020:346.368 - 24.594ms returns 0
T89A4 7021:431.296 JLINK_EMU_GetList(InterfaceMask = 0x00000001, MaxInfos = 0x00000032) 
T89A4 7021:433.856 - 2.423ms returns 0
T89A4 7021:434.368 JLINK_EMU_GetList(InterfaceMask = 0x00000002, MaxInfos = 0x00000032) 
T89A4 7021:461.504 - 26.905ms returns 0
T3C48 11241:875.456 JLINK_EMU_GetList(InterfaceMask = 0x00000001, MaxInfos = 0x00000032) 
T3C48 11241:979.904 - 103.987ms returns 0
T3C48 11241:979.904 JLINK_EMU_GetList(InterfaceMask = 0x00000002, MaxInfos = 0x00000032) 
T3C48 11242:167.296 - 186.937ms returns 0
TBFF0 11625:940.992 JLINK_EMU_GetList(InterfaceMask = 0x00000001, MaxInfos = 0x00000032) 
TBFF0 11625:946.112 - 4.990ms returns 0
TBFF0 11625:947.136 JLINK_EMU_GetList(InterfaceMask = 0x00000002, MaxInfos = 0x00000032) 
TBFF0 11625:978.880 - 32.423ms returns 0
TBFF0 11627:072.512 JLINK_EMU_GetList(InterfaceMask = 0x00000001, MaxInfos = 0x00000032) 
TBFF0 11627:074.560 - 2.092ms returns 0
TBFF0 11627:075.584 JLINK_EMU_GetList(InterfaceMask = 0x00000002, MaxInfos = 0x00000032) 
TBFF0 11627:109.376 - 34.800ms returns 0
TBFF0 11628:244.992 JLINK_EMU_GetList(InterfaceMask = 0x00000001, MaxInfos = 0x00000032) 
TBFF0 11628:247.040 - 2.517ms returns 0
TBFF0 11628:247.040 JLINK_EMU_GetList(InterfaceMask = 0x00000002, MaxInfos = 0x00000032) 
TBFF0 11628:281.856 - 33.906ms returns 0
TBFF0 11629:370.368 JLINK_EMU_GetList(InterfaceMask = 0x00000001, MaxInfos = 0x00000032) 
TBFF0 11629:372.416 - 1.597ms returns 0
TBFF0 11629:372.416 JLINK_EMU_GetList(InterfaceMask = 0x00000002, MaxInfos = 0x00000032) 
TBFF0 11629:399.040 - 26.563ms returns 0
TBFF0 11630:481.408 JLINK_EMU_GetList(InterfaceMask = 0x00000001, MaxInfos = 0x00000032) 
TBFF0 11630:482.432 - 1.380ms returns 0
TBFF0 11630:483.456 JLINK_EMU_GetList(InterfaceMask = 0x00000002, MaxInfos = 0x00000032) 
TBFF0 11630:513.152 - 30.890ms returns 0
TBFF0 11631:611.904 JLINK_EMU_GetList(InterfaceMask = 0x00000001, MaxInfos = 0x00000032) 
TBFF0 11631:612.928 - 1.345ms returns 0
TBFF0 11631:613.952 JLINK_EMU_GetList(InterfaceMask = 0x00000002, MaxInfos = 0x00000032) 
TBFF0 11631:641.600 - 27.948ms returns 0
TBFF0 11632:694.272 JLINK_EMU_GetList(InterfaceMask = 0x00000001, MaxInfos = 0x00000032) 
TBFF0 11632:695.296 - 1.459ms returns 0
TBFF0 11632:695.296 JLINK_EMU_GetList(InterfaceMask = 0x00000002, MaxInfos = 0x00000032) 
TBFF0 11632:715.776 - 19.799ms returns 0
TBFF0 11633:808.384 JLINK_EMU_GetList(InterfaceMask = 0x00000001, MaxInfos = 0x00000032) 
TBFF0 11633:810.432 - 2.149ms returns 0
TBFF0 11633:810.432 JLINK_EMU_GetList(InterfaceMask = 0x00000002, MaxInfos = 0x00000032) 
TBFF0 11633:842.176 - 31.082ms returns 0
TBFF0 11634:926.592 JLINK_EMU_GetList(InterfaceMask = 0x00000001, MaxInfos = 0x00000032) 
TBFF0 11634:927.616 - 1.557ms returns 0
TBFF0 11634:927.616 JLINK_EMU_GetList(InterfaceMask = 0x00000002, MaxInfos = 0x00000032) 
TBFF0 11634:964.480 - 35.768ms returns 0
TBFF0 11636:028.416 JLINK_EMU_GetList(InterfaceMask = 0x00000001, MaxInfos = 0x00000032) 
TBFF0 11636:029.440 - 1.390ms returns 0
TBFF0 11636:029.440 JLINK_EMU_GetList(InterfaceMask = 0x00000002, MaxInfos = 0x00000032) 
TBFF0 11636:052.992 - 23.378ms returns 0
TBFF0 11637:129.216 JLINK_EMU_GetList(InterfaceMask = 0x00000001, MaxInfos = 0x00000032) 
TBFF0 11637:131.264 - 1.486ms returns 0
TBFF0 11637:131.264 JLINK_EMU_GetList(InterfaceMask = 0x00000002, MaxInfos = 0x00000032) 
TBFF0 11637:166.080 - 34.822ms returns 0
TBFF0 11638:241.280 JLINK_EMU_GetList(InterfaceMask = 0x00000001, MaxInfos = 0x00000032) 
TBFF0 11638:242.304 - 1.742ms returns 0
TBFF0 11638:242.304 JLINK_EMU_GetList(InterfaceMask = 0x00000002, MaxInfos = 0x00000032) 
TBFF0 11638:280.192 - 37.206ms returns 0
TBFF0 11639:339.008 JLINK_EMU_GetList(InterfaceMask = 0x00000001, MaxInfos = 0x00000032) 
TBFF0 11639:341.056 - 1.791ms returns 0
TBFF0 11639:341.056 JLINK_EMU_GetList(InterfaceMask = 0x00000002, MaxInfos = 0x00000032) 
TBFF0 11639:372.800 - 31.219ms returns 0
TBFF0 11640:432.640 JLINK_EMU_GetList(InterfaceMask = 0x00000001, MaxInfos = 0x00000032) 
TBFF0 11640:436.736 - 4.166ms returns 0
TBFF0 11640:436.736 JLINK_EMU_GetList(InterfaceMask = 0x00000002, MaxInfos = 0x00000032) 
TBFF0 11640:466.432 - 29.714ms returns 0
TBFF0 11641:497.600 JLINK_EMU_GetList(InterfaceMask = 0x00000001, MaxInfos = 0x00000032) 
TBFF0 11641:498.624 - 1.064ms returns 0
TBFF0 11641:498.624 JLINK_EMU_GetList(InterfaceMask = 0x00000002, MaxInfos = 0x00000032) 
TBFF0 11641:533.440 - 34.495ms returns 0
TBFF0 11642:594.304 JLINK_EMU_GetList(InterfaceMask = 0x00000001, MaxInfos = 0x00000032) 
TBFF0 11642:595.328 - 1.352ms returns 0
TBFF0 11642:595.328 JLINK_EMU_GetList(InterfaceMask = 0x00000002, MaxInfos = 0x00000032) 
TBFF0 11642:632.192 - 36.876ms returns 0
TBFF0 11643:703.296 JLINK_EMU_GetList(InterfaceMask = 0x00000001, MaxInfos = 0x00000032) 
TBFF0 11643:705.344 - 1.853ms returns 0
TBFF0 11643:705.344 JLINK_EMU_GetList(InterfaceMask = 0x00000002, MaxInfos = 0x00000032) 
TBFF0 11643:732.992 - 27.564ms returns 0
TBFF0 11644:797.952 JLINK_EMU_GetList(InterfaceMask = 0x00000001, MaxInfos = 0x00000032) 
TBFF0 11644:798.976 - 1.383ms returns 0
TBFF0 11644:798.976 JLINK_EMU_GetList(InterfaceMask = 0x00000002, MaxInfos = 0x00000032) 
TBFF0 11644:831.744 - 32.799ms returns 0
TBFF0 11645:888.512 JLINK_EMU_GetList(InterfaceMask = 0x00000001, MaxInfos = 0x00000032) 
TBFF0 11645:890.560 - 1.444ms returns 0
TBFF0 11645:890.560 JLINK_EMU_GetList(InterfaceMask = 0x00000002, MaxInfos = 0x00000032) 
TBFF0 11645:923.328 - 33.069ms returns 0
TBFF0 11647:009.792 JLINK_EMU_GetList(InterfaceMask = 0x00000001, MaxInfos = 0x00000032) 
TBFF0 11647:010.816 - 1.871ms returns 0
TBFF0 11647:010.816 JLINK_EMU_GetList(InterfaceMask = 0x00000002, MaxInfos = 0x00000032) 
TBFF0 11647:046.656 - 35.042ms returns 0
TBFF0 11648:126.976 JLINK_EMU_GetList(InterfaceMask = 0x00000001, MaxInfos = 0x00000032) 
TBFF0 11648:128.000 - 1.350ms returns 0
TBFF0 11648:129.024 JLINK_EMU_GetList(InterfaceMask = 0x00000002, MaxInfos = 0x00000032) 
TBFF0 11648:154.624 - 26.472ms returns 0
TBFF0 11649:214.464 JLINK_EMU_GetList(InterfaceMask = 0x00000001, MaxInfos = 0x00000032) 
TBFF0 11649:215.488 - 1.628ms returns 0
TBFF0 11649:215.488 JLINK_EMU_GetList(InterfaceMask = 0x00000002, MaxInfos = 0x00000032) 
TBFF0 11649:249.280 - 33.155ms returns 0
TBFF0 11650:310.144 JLINK_EMU_GetList(InterfaceMask = 0x00000001, MaxInfos = 0x00000032) 
TBFF0 11650:312.192 - 1.362ms returns 0
TBFF0 11650:312.192 JLINK_EMU_GetList(InterfaceMask = 0x00000002, MaxInfos = 0x00000032) 
TBFF0 11650:340.864 - 28.991ms returns 0
TBFF0 11651:401.728 JLINK_EMU_GetList(InterfaceMask = 0x00000001, MaxInfos = 0x00000032) 
TBFF0 11651:402.752 - 1.359ms returns 0
TBFF0 11651:402.752 JLINK_EMU_GetList(InterfaceMask = 0x00000002, MaxInfos = 0x00000032) 
TBFF0 11651:432.448 - 29.447ms returns 0
TBFF0 11652:498.432 JLINK_EMU_GetList(InterfaceMask = 0x00000001, MaxInfos = 0x00000032) 
TBFF0 11652:500.480 - 2.399ms returns 0
TBFF0 11652:501.504 JLINK_EMU_GetList(InterfaceMask = 0x00000002, MaxInfos = 0x00000032) 
TBFF0 11652:531.200 - 29.531ms returns 0
TBFF0 11653:572.608 JLINK_EMU_GetList(InterfaceMask = 0x00000001, MaxInfos = 0x00000032) 
TBFF0 11653:573.632 - 1.277ms returns 0
TBFF0 11653:575.680 JLINK_EMU_GetList(InterfaceMask = 0x00000002, MaxInfos = 0x00000032) 
TBFF0 11653:605.376 - 30.704ms returns 0
TBFF0 11654:670.336 JLINK_EMU_GetList(InterfaceMask = 0x00000001, MaxInfos = 0x00000032) 
TBFF0 11654:671.360 - 1.355ms returns 0
TBFF0 11654:671.360 JLINK_EMU_GetList(InterfaceMask = 0x00000002, MaxInfos = 0x00000032) 
TBFF0 11654:707.200 - 35.003ms returns 0
TBFF0 11655:760.896 JLINK_EMU_GetList(InterfaceMask = 0x00000001, MaxInfos = 0x00000032) 
TBFF0 11655:762.944 - 1.403ms returns 0
TBFF0 11655:762.944 JLINK_EMU_GetList(InterfaceMask = 0x00000002, MaxInfos = 0x00000032) 
TBFF0 11655:799.808 - 36.156ms returns 0
TCE38 12607:114.240 JLINK_EMU_GetList(InterfaceMask = 0x00000001, MaxInfos = 0x00000032) 
TCE38 12607:116.288 - 1.853ms returns 0
TCE38 12607:116.288 JLINK_EMU_GetList(InterfaceMask = 0x00000002, MaxInfos = 0x00000032) 
TCE38 12607:141.888 - 25.868ms returns 0
TCE38 12608:290.816 JLINK_EMU_GetList(InterfaceMask = 0x00000001, MaxInfos = 0x00000032) 
TCE38 12608:292.864 - 1.184ms returns 0
TCE38 12608:292.864 JLINK_EMU_GetList(InterfaceMask = 0x00000002, MaxInfos = 0x00000032) 
TCE38 12608:317.440 - 25.041ms returns 0
TCE38 12609:419.264 JLINK_EMU_GetList(InterfaceMask = 0x00000001, MaxInfos = 0x00000032) 
TCE38 12609:419.264 - 0.678ms returns 0
TCE38 12609:419.264 JLINK_EMU_GetList(InterfaceMask = 0x00000002, MaxInfos = 0x00000032) 
TCE38 12609:452.032 - 33.076ms returns 0
TCE38 12610:577.408 JLINK_EMU_GetList(InterfaceMask = 0x00000001, MaxInfos = 0x00000032) 
TCE38 12610:580.480 - 3.386ms returns 0
TCE38 12610:580.480 JLINK_EMU_GetList(InterfaceMask = 0x00000002, MaxInfos = 0x00000032) 
TCE38 12610:614.272 - 33.424ms returns 0
TCE38 12611:728.384 JLINK_EMU_GetList(InterfaceMask = 0x00000001, MaxInfos = 0x00000032) 
TCE38 12611:729.408 - 1.620ms returns 0
TCE38 12611:729.408 JLINK_EMU_GetList(InterfaceMask = 0x00000002, MaxInfos = 0x00000032) 
TCE38 12611:755.008 - 25.309ms returns 0
TCE38 12612:865.024 JLINK_EMU_GetList(InterfaceMask = 0x00000001, MaxInfos = 0x00000032) 
TCE38 12612:866.048 - 1.094ms returns 0
TCE38 12612:866.048 JLINK_EMU_GetList(InterfaceMask = 0x00000002, MaxInfos = 0x00000032) 
TCE38 12612:896.768 - 29.702ms returns 0
TCE38 12613:990.400 JLINK_EMU_GetList(InterfaceMask = 0x00000001, MaxInfos = 0x00000032) 
TCE38 12613:990.400 - 1.116ms returns 0
TCE38 12613:991.424 JLINK_EMU_GetList(InterfaceMask = 0x00000002, MaxInfos = 0x00000032) 
TCE38 12614:027.264 - 36.094ms returns 0
TCE38 12615:145.472 JLINK_EMU_GetList(InterfaceMask = 0x00000001, MaxInfos = 0x00000032) 
TCE38 12615:147.520 - 2.011ms returns 0
TCE38 12615:147.520 JLINK_EMU_GetList(InterfaceMask = 0x00000002, MaxInfos = 0x00000032) 
TCE38 12615:179.264 - 31.256ms returns 0
TCE38 12616:294.400 JLINK_EMU_GetList(InterfaceMask = 0x00000001, MaxInfos = 0x00000032) 
TCE38 12616:296.448 - 2.554ms returns 0
TCE38 12616:296.448 JLINK_EMU_GetList(InterfaceMask = 0x00000002, MaxInfos = 0x00000032) 
TCE38 12616:320.000 - 23.441ms returns 0
TCE38 12617:404.416 JLINK_EMU_GetList(InterfaceMask = 0x00000001, MaxInfos = 0x00000032) 
TCE38 12617:406.464 - 1.992ms returns 0
TCE38 12617:406.464 JLINK_EMU_GetList(InterfaceMask = 0x00000002, MaxInfos = 0x00000032) 
TCE38 12617:437.184 - 31.292ms returns 0
TCE38 12618:507.264 JLINK_EMU_GetList(InterfaceMask = 0x00000001, MaxInfos = 0x00000032) 
TCE38 12618:508.288 - 1.125ms returns 0
TCE38 12618:508.288 JLINK_EMU_GetList(InterfaceMask = 0x00000002, MaxInfos = 0x00000032) 
TCE38 12618:545.152 - 36.715ms returns 0
TCE38 12619:626.496 JLINK_EMU_GetList(InterfaceMask = 0x00000001, MaxInfos = 0x00000032) 
TCE38 12619:628.544 - 1.263ms returns 0
TCE38 12619:628.544 JLINK_EMU_GetList(InterfaceMask = 0x00000002, MaxInfos = 0x00000032) 
TCE38 12619:661.312 - 32.943ms returns 0
TCE38 12620:752.896 JLINK_EMU_GetList(InterfaceMask = 0x00000001, MaxInfos = 0x00000032) 
TCE38 12620:754.944 - 1.581ms returns 0
TCE38 12620:754.944 JLINK_EMU_GetList(InterfaceMask = 0x00000002, MaxInfos = 0x00000032) 
TCE38 12620:779.520 - 24.682ms returns 0
TCE38 12621:809.664 JLINK_EMU_GetList(InterfaceMask = 0x00000001, MaxInfos = 0x00000032) 
TCE38 12621:809.664 - 0.890ms returns 0
TCE38 12621:810.688 JLINK_EMU_GetList(InterfaceMask = 0x00000002, MaxInfos = 0x00000032) 
TCE38 12621:834.240 - 24.101ms returns 0
TCE38 12622:872.576 JLINK_EMU_GetList(InterfaceMask = 0x00000001, MaxInfos = 0x00000032) 
TCE38 12622:873.600 - 0.949ms returns 0
TCE38 12622:874.624 JLINK_EMU_GetList(InterfaceMask = 0x00000002, MaxInfos = 0x00000032) 
TCE38 12622:898.176 - 23.716ms returns 0
TCE38 12623:930.368 JLINK_EMU_GetList(InterfaceMask = 0x00000001, MaxInfos = 0x00000032) 
TCE38 12623:931.392 - 1.501ms returns 0
TCE38 12623:933.440 JLINK_EMU_GetList(InterfaceMask = 0x00000002, MaxInfos = 0x00000032) 
TCE38 12623:959.040 - 24.849ms returns 0
TCE38 12625:018.880 JLINK_EMU_GetList(InterfaceMask = 0x00000001, MaxInfos = 0x00000032) 
TCE38 12625:022.976 - 3.517ms returns 0
TCE38 12625:025.024 JLINK_EMU_GetList(InterfaceMask = 0x00000002, MaxInfos = 0x00000032) 
TCE38 12625:049.600 - 25.457ms returns 0
TCE38 12626:084.864 JLINK_EMU_GetList(InterfaceMask = 0x00000001, MaxInfos = 0x00000032) 
TCE38 12626:085.888 - 1.263ms returns 0
TCE38 12626:085.888 JLINK_EMU_GetList(InterfaceMask = 0x00000002, MaxInfos = 0x00000032) 
TCE38 12626:109.440 - 22.786ms returns 0
TCE38 12627:142.656 JLINK_EMU_GetList(InterfaceMask = 0x00000001, MaxInfos = 0x00000032) 
TCE38 12627:142.656 - 1.084ms returns 0
TCE38 12627:143.680 JLINK_EMU_GetList(InterfaceMask = 0x00000002, MaxInfos = 0x00000032) 
TCE38 12627:167.232 - 23.600ms returns 0
TCE38 12628:198.400 JLINK_EMU_GetList(InterfaceMask = 0x00000001, MaxInfos = 0x00000032) 
TCE38 12628:201.472 - 2.854ms returns 0
TCE38 12628:201.472 JLINK_EMU_GetList(InterfaceMask = 0x00000002, MaxInfos = 0x00000032) 
TCE38 12628:224.000 - 23.360ms returns 0
TCE38 12629:266.432 JLINK_EMU_GetList(InterfaceMask = 0x00000001, MaxInfos = 0x00000032) 
TCE38 12629:268.480 - 1.120ms returns 0
TCE38 12629:268.480 JLINK_EMU_GetList(InterfaceMask = 0x00000002, MaxInfos = 0x00000032) 
TCE38 12629:291.008 - 23.040ms returns 0
TCE38 12630:330.368 JLINK_EMU_GetList(InterfaceMask = 0x00000001, MaxInfos = 0x00000032) 
TCE38 12630:332.416 - 0.977ms returns 0
TCE38 12630:332.416 JLINK_EMU_GetList(InterfaceMask = 0x00000002, MaxInfos = 0x00000032) 
TCE38 12630:356.992 - 24.457ms returns 0
TCE38 12631:394.304 JLINK_EMU_GetList(InterfaceMask = 0x00000001, MaxInfos = 0x00000032) 
TCE38 12631:397.376 - 2.564ms returns 0
TCE38 12631:397.376 JLINK_EMU_GetList(InterfaceMask = 0x00000002, MaxInfos = 0x00000032) 
TCE38 12631:426.048 - 28.492ms returns 0
TCE38 12632:524.800 JLINK_EMU_GetList(InterfaceMask = 0x00000001, MaxInfos = 0x00000032) 
TCE38 12632:527.872 - 2.846ms returns 0
TCE38 12632:527.872 JLINK_EMU_GetList(InterfaceMask = 0x00000002, MaxInfos = 0x00000032) 
TCE38 12632:561.664 - 33.653ms returns 0
TCE38 12633:649.152 JLINK_EMU_GetList(InterfaceMask = 0x00000001, MaxInfos = 0x00000032) 
TCE38 12633:651.200 - 2.709ms returns 0
TCE38 12633:652.224 JLINK_EMU_GetList(InterfaceMask = 0x00000002, MaxInfos = 0x00000032) 
TCE38 12633:674.752 - 22.701ms returns 0
TCE38 12634:761.216 JLINK_EMU_GetList(InterfaceMask = 0x00000001, MaxInfos = 0x00000032) 
TCE38 12634:765.312 - 3.580ms returns 0
TCE38 12634:765.312 JLINK_EMU_GetList(InterfaceMask = 0x00000002, MaxInfos = 0x00000032) 
TCE38 12634:802.176 - 36.771ms returns 0
TCE38 12635:858.944 JLINK_EMU_GetList(InterfaceMask = 0x00000001, MaxInfos = 0x00000032) 
TCE38 12635:860.992 - 1.918ms returns 0
TCE38 12635:860.992 JLINK_EMU_GetList(InterfaceMask = 0x00000002, MaxInfos = 0x00000032) 
TCE38 12635:893.760 - 32.620ms returns 0
TCE38 12636:930.048 JLINK_EMU_GetList(InterfaceMask = 0x00000001, MaxInfos = 0x00000032) 
TCE38 12636:932.096 - 1.001ms returns 0
TCE38 12636:932.096 JLINK_EMU_GetList(InterfaceMask = 0x00000002, MaxInfos = 0x00000032) 
TCE38 12636:960.768 - 28.693ms returns 0
TCE38 12638:023.680 JLINK_EMU_GetList(InterfaceMask = 0x00000001, MaxInfos = 0x00000032) 
TCE38 12638:024.704 - 1.031ms returns 0
TCE38 12638:024.704 JLINK_EMU_GetList(InterfaceMask = 0x00000002, MaxInfos = 0x00000032) 
TCE38 12638:062.592 - 37.132ms returns 0
TCE38 12639:129.600 JLINK_EMU_GetList(InterfaceMask = 0x00000001, MaxInfos = 0x00000032) 
TCE38 12639:132.672 - 3.073ms returns 0
TCE38 12639:132.672 JLINK_EMU_GetList(InterfaceMask = 0x00000002, MaxInfos = 0x00000032) 
TCE38 12639:162.368 - 29.732ms returns 0
TCE38 12640:198.656 JLINK_EMU_GetList(InterfaceMask = 0x00000001, MaxInfos = 0x00000032) 
TCE38 12640:200.704 - 2.282ms returns 0
TCE38 12640:200.704 JLINK_EMU_GetList(InterfaceMask = 0x00000002, MaxInfos = 0x00000032) 
TCE38 12640:229.376 - 27.428ms returns 0
TCE38 12641:292.288 JLINK_EMU_GetList(InterfaceMask = 0x00000001, MaxInfos = 0x00000032) 
TCE38 12641:294.336 - 1.785ms returns 0
TCE38 12641:294.336 JLINK_EMU_GetList(InterfaceMask = 0x00000002, MaxInfos = 0x00000032) 
TCE38 12641:327.104 - 32.298ms returns 0
TCE38 12642:393.088 JLINK_EMU_GetList(InterfaceMask = 0x00000001, MaxInfos = 0x00000032) 
TCE38 12642:394.112 - 1.501ms returns 0
TCE38 12642:396.160 JLINK_EMU_GetList(InterfaceMask = 0x00000002, MaxInfos = 0x00000032) 
TCE38 12642:427.904 - 30.714ms returns 0
TCE38 12643:511.296 JLINK_EMU_GetList(InterfaceMask = 0x00000001, MaxInfos = 0x00000032) 
TCE38 12643:513.344 - 1.930ms returns 0
TCE38 12643:513.344 JLINK_EMU_GetList(InterfaceMask = 0x00000002, MaxInfos = 0x00000032) 
TCE38 12643:542.016 - 28.713ms returns 0
TCE38 12644:625.408 JLINK_EMU_GetList(InterfaceMask = 0x00000001, MaxInfos = 0x00000032) 
TCE38 12644:628.480 - 2.262ms returns 0
TCE38 12644:628.480 JLINK_EMU_GetList(InterfaceMask = 0x00000002, MaxInfos = 0x00000032) 
TCE38 12644:660.224 - 31.410ms returns 0
TCE38 12645:742.592 JLINK_EMU_GetList(InterfaceMask = 0x00000001, MaxInfos = 0x00000032) 
TCE38 12645:746.688 - 3.050ms returns 0
TCE38 12645:746.688 JLINK_EMU_GetList(InterfaceMask = 0x00000002, MaxInfos = 0x00000032) 
TCE38 12645:776.384 - 29.971ms returns 0
TCE38 12646:812.672 JLINK_EMU_GetList(InterfaceMask = 0x00000001, MaxInfos = 0x00000032) 
TCE38 12646:814.720 - 1.277ms returns 0
TCE38 12646:814.720 JLINK_EMU_GetList(InterfaceMask = 0x00000002, MaxInfos = 0x00000032) 
TCE38 12646:847.488 - 32.504ms returns 0
TCE38 12647:999.488 JLINK_EMU_GetList(InterfaceMask = 0x00000001, MaxInfos = 0x00000032) 
TCE38 12648:001.536 - 2.685ms returns 0
TCE38 12648:001.536 JLINK_EMU_GetList(InterfaceMask = 0x00000002, MaxInfos = 0x00000032) 
TCE38 12648:038.400 - 36.642ms returns 0
TCE38 12649:132.032 JLINK_EMU_GetList(InterfaceMask = 0x00000001, MaxInfos = 0x00000032) 
TCE38 12649:133.056 - 1.431ms returns 0
TCE38 12649:134.080 JLINK_EMU_GetList(InterfaceMask = 0x00000002, MaxInfos = 0x00000032) 
TCE38 12649:168.896 - 35.323ms returns 0
TCE38 12650:272.768 JLINK_EMU_GetList(InterfaceMask = 0x00000001, MaxInfos = 0x00000032) 
TCE38 12650:278.912 - 5.352ms returns 0
TCE38 12650:279.936 JLINK_EMU_GetList(InterfaceMask = 0x00000002, MaxInfos = 0x00000032) 
TCE38 12650:311.680 - 32.075ms returns 0
TCE38 12651:380.736 JLINK_EMU_GetList(InterfaceMask = 0x00000001, MaxInfos = 0x00000032) 
TCE38 12651:382.784 - 2.896ms returns 0
TCE38 12651:383.808 JLINK_EMU_GetList(InterfaceMask = 0x00000002, MaxInfos = 0x00000032) 
TCE38 12651:419.648 - 35.690ms returns 0
TCE38 12652:498.944 JLINK_EMU_GetList(InterfaceMask = 0x00000001, MaxInfos = 0x00000032) 
TCE38 12652:499.968 - 1.372ms returns 0
TCE38 12652:500.992 JLINK_EMU_GetList(InterfaceMask = 0x00000002, MaxInfos = 0x00000032) 
TCE38 12652:535.808 - 35.240ms returns 0
TCE38 12653:684.736 JLINK_EMU_GetList(InterfaceMask = 0x00000001, MaxInfos = 0x00000032) 
TCE38 12653:688.832 - 3.718ms returns 0
TCE38 12653:688.832 JLINK_EMU_GetList(InterfaceMask = 0x00000002, MaxInfos = 0x00000032) 
TCE38 12653:728.768 - 39.258ms returns 0
TCE38 12654:867.456 JLINK_EMU_GetList(InterfaceMask = 0x00000001, MaxInfos = 0x00000032) 
TCE38 12654:869.504 - 2.570ms returns 0
TCE38 12654:869.504 JLINK_EMU_GetList(InterfaceMask = 0x00000002, MaxInfos = 0x00000032) 
TCE38 12654:897.152 - 27.477ms returns 0
TCE38 12655:972.352 JLINK_EMU_GetList(InterfaceMask = 0x00000001, MaxInfos = 0x00000032) 
TCE38 12655:977.472 - 4.477ms returns 0
TCE38 12655:977.472 JLINK_EMU_GetList(InterfaceMask = 0x00000002, MaxInfos = 0x00000032) 
TCE38 12656:011.264 - 33.852ms returns 0
TCE38 12657:063.936 JLINK_EMU_GetList(InterfaceMask = 0x00000001, MaxInfos = 0x00000032) 
TCE38 12657:067.008 - 1.992ms returns 0
TCE38 12657:067.008 JLINK_EMU_GetList(InterfaceMask = 0x00000002, MaxInfos = 0x00000032) 
TCE38 12657:100.800 - 34.438ms returns 0
TCE38 12658:201.600 JLINK_EMU_GetList(InterfaceMask = 0x00000001, MaxInfos = 0x00000032) 
TCE38 12658:203.648 - 2.791ms returns 0
TCE38 12658:204.672 JLINK_EMU_GetList(InterfaceMask = 0x00000002, MaxInfos = 0x00000032) 
TCE38 12658:238.464 - 33.520ms returns 0
TCE38 12659:270.656 JLINK_EMU_GetList(InterfaceMask = 0x00000001, MaxInfos = 0x00000032) 
TCE38 12659:271.680 - 1.054ms returns 0
TCE38 12659:271.680 JLINK_EMU_GetList(InterfaceMask = 0x00000002, MaxInfos = 0x00000032) 
TCE38 12659:295.232 - 22.977ms returns 0
TCE38 12660:377.600 JLINK_EMU_GetList(InterfaceMask = 0x00000001, MaxInfos = 0x00000032) 
TCE38 12660:380.672 - 2.716ms returns 0
TCE38 12660:380.672 JLINK_EMU_GetList(InterfaceMask = 0x00000002, MaxInfos = 0x00000032) 
TCE38 12660:408.320 - 27.889ms returns 0
TCE38 12661:440.512 JLINK_EMU_GetList(InterfaceMask = 0x00000001, MaxInfos = 0x00000032) 
TCE38 12661:442.560 - 1.145ms returns 0
TCE38 12661:442.560 JLINK_EMU_GetList(InterfaceMask = 0x00000002, MaxInfos = 0x00000032) 
TCE38 12661:463.040 - 21.346ms returns 0
TCE38 12662:503.424 JLINK_EMU_GetList(InterfaceMask = 0x00000001, MaxInfos = 0x00000032) 
TCE38 12662:503.424 - 1.153ms returns 0
TCE38 12662:504.448 JLINK_EMU_GetList(InterfaceMask = 0x00000002, MaxInfos = 0x00000032) 
TCE38 12662:538.240 - 33.814ms returns 0
TCE38 12663:573.504 JLINK_EMU_GetList(InterfaceMask = 0x00000001, MaxInfos = 0x00000032) 
TCE38 12663:574.528 - 1.086ms returns 0
TCE38 12663:575.552 JLINK_EMU_GetList(InterfaceMask = 0x00000002, MaxInfos = 0x00000032) 
TCE38 12663:600.128 - 24.920ms returns 0
TCE38 12664:640.512 JLINK_EMU_GetList(InterfaceMask = 0x00000001, MaxInfos = 0x00000032) 
TCE38 12664:641.536 - 1.071ms returns 0
TCE38 12664:641.536 JLINK_EMU_GetList(InterfaceMask = 0x00000002, MaxInfos = 0x00000032) 
TCE38 12664:668.160 - 25.844ms returns 0
TCE38 12665:730.048 JLINK_EMU_GetList(InterfaceMask = 0x00000001, MaxInfos = 0x00000032) 
TCE38 12665:731.072 - 1.364ms returns 0
TCE38 12665:731.072 JLINK_EMU_GetList(InterfaceMask = 0x00000002, MaxInfos = 0x00000032) 
TCE38 12665:756.672 - 25.708ms returns 0
TCE38 12666:841.088 JLINK_EMU_GetList(InterfaceMask = 0x00000001, MaxInfos = 0x00000032) 
TCE38 12666:844.160 - 2.390ms returns 0
TCE38 12666:844.160 JLINK_EMU_GetList(InterfaceMask = 0x00000002, MaxInfos = 0x00000032) 
TCE38 12666:877.952 - 33.953ms returns 0
TCE38 12668:008.448 JLINK_EMU_GetList(InterfaceMask = 0x00000001, MaxInfos = 0x00000032) 
TCE38 12668:012.544 - 3.001ms returns 0
TCE38 12668:012.544 JLINK_EMU_GetList(InterfaceMask = 0x00000002, MaxInfos = 0x00000032) 
TCE38 12668:040.192 - 27.787ms returns 0
TCE38 12669:096.960 JLINK_EMU_GetList(InterfaceMask = 0x00000001, MaxInfos = 0x00000032) 
TCE38 12669:097.984 - 2.159ms returns 0
TCE38 12669:099.008 JLINK_EMU_GetList(InterfaceMask = 0x00000002, MaxInfos = 0x00000032) 
TCE38 12669:124.608 - 25.344ms returns 0
TCE38 12670:158.848 JLINK_EMU_GetList(InterfaceMask = 0x00000001, MaxInfos = 0x00000032) 
TCE38 12670:159.872 - 1.059ms returns 0
TCE38 12670:160.896 JLINK_EMU_GetList(InterfaceMask = 0x00000002, MaxInfos = 0x00000032) 
TCE38 12670:194.688 - 33.553ms returns 0
TCE38 12671:252.480 JLINK_EMU_GetList(InterfaceMask = 0x00000001, MaxInfos = 0x00000032) 
TCE38 12671:253.504 - 1.275ms returns 0
TCE38 12671:253.504 JLINK_EMU_GetList(InterfaceMask = 0x00000002, MaxInfos = 0x00000032) 
TCE38 12671:289.344 - 35.078ms returns 0
TCE38 12672:347.136 JLINK_EMU_GetList(InterfaceMask = 0x00000001, MaxInfos = 0x00000032) 
TCE38 12672:349.184 - 1.349ms returns 0
TCE38 12672:349.184 JLINK_EMU_GetList(InterfaceMask = 0x00000002, MaxInfos = 0x00000032) 
TCE38 12672:374.784 - 25.077ms returns 0
TCE38 12673:442.816 JLINK_EMU_GetList(InterfaceMask = 0x00000001, MaxInfos = 0x00000032) 
TCE38 12673:443.840 - 1.536ms returns 0
TCE38 12673:443.840 JLINK_EMU_GetList(InterfaceMask = 0x00000002, MaxInfos = 0x00000032) 
TCE38 12673:476.608 - 32.970ms returns 0
TCE38 12674:534.400 JLINK_EMU_GetList(InterfaceMask = 0x00000001, MaxInfos = 0x00000032) 
TCE38 12674:535.424 - 1.447ms returns 0
TCE38 12674:536.448 JLINK_EMU_GetList(InterfaceMask = 0x00000002, MaxInfos = 0x00000032) 
TCE38 12674:568.192 - 32.317ms returns 0
TCE38 12675:676.160 JLINK_EMU_GetList(InterfaceMask = 0x00000001, MaxInfos = 0x00000032) 
TCE38 12675:680.256 - 4.007ms returns 0
TCE38 12675:680.256 JLINK_EMU_GetList(InterfaceMask = 0x00000002, MaxInfos = 0x00000032) 
TCE38 12675:709.952 - 29.772ms returns 0
TCE38 12676:802.560 JLINK_EMU_GetList(InterfaceMask = 0x00000001, MaxInfos = 0x00000032) 
TCE38 12676:804.608 - 1.966ms returns 0
TCE38 12676:805.632 JLINK_EMU_GetList(InterfaceMask = 0x00000002, MaxInfos = 0x00000032) 
TCE38 12676:838.400 - 32.811ms returns 0
TCE38 12677:892.096 JLINK_EMU_GetList(InterfaceMask = 0x00000001, MaxInfos = 0x00000032) 
TCE38 12677:893.120 - 1.239ms returns 0
TCE38 12677:894.144 JLINK_EMU_GetList(InterfaceMask = 0x00000002, MaxInfos = 0x00000032) 
TCE38 12677:927.936 - 33.643ms returns 0
TCE38 12678:981.632 JLINK_EMU_GetList(InterfaceMask = 0x00000001, MaxInfos = 0x00000032) 
TCE38 12678:983.680 - 1.300ms returns 0
TCE38 12678:983.680 JLINK_EMU_GetList(InterfaceMask = 0x00000002, MaxInfos = 0x00000032) 
TCE38 12679:010.304 - 26.361ms returns 0
TCE38 12680:051.712 JLINK_EMU_GetList(InterfaceMask = 0x00000001, MaxInfos = 0x00000032) 
TCE38 12680:053.760 - 1.457ms returns 0
TCE38 12680:053.760 JLINK_EMU_GetList(InterfaceMask = 0x00000002, MaxInfos = 0x00000032) 
TCE38 12680:079.360 - 25.635ms returns 0
TCE38 12681:152.512 JLINK_EMU_GetList(InterfaceMask = 0x00000001, MaxInfos = 0x00000032) 
TCE38 12681:153.536 - 1.563ms returns 0
TCE38 12681:153.536 JLINK_EMU_GetList(InterfaceMask = 0x00000002, MaxInfos = 0x00000032) 
TCE38 12681:185.280 - 31.690ms returns 0
TCE38 12682:270.720 JLINK_EMU_GetList(InterfaceMask = 0x00000001, MaxInfos = 0x00000032) 
TCE38 12682:272.768 - 1.720ms returns 0
TCE38 12682:272.768 JLINK_EMU_GetList(InterfaceMask = 0x00000002, MaxInfos = 0x00000032) 
TCE38 12682:303.488 - 31.135ms returns 0
TCE38 12683:393.024 JLINK_EMU_GetList(InterfaceMask = 0x00000001, MaxInfos = 0x00000032) 
TCE38 12683:401.216 - 8.797ms returns 0
TCE38 12683:402.240 JLINK_EMU_GetList(InterfaceMask = 0x00000002, MaxInfos = 0x00000032) 
TCE38 12683:439.104 - 37.042ms returns 0
TCE38 12684:553.216 JLINK_EMU_GetList(InterfaceMask = 0x00000001, MaxInfos = 0x00000032) 
TCE38 12684:556.288 - 2.599ms returns 0
TCE38 12684:556.288 JLINK_EMU_GetList(InterfaceMask = 0x00000002, MaxInfos = 0x00000032) 
TCE38 12684:592.128 - 35.312ms returns 0
TCE38 12685:670.400 JLINK_EMU_GetList(InterfaceMask = 0x00000001, MaxInfos = 0x00000032) 
TCE38 12685:673.472 - 2.570ms returns 0
TCE38 12685:673.472 JLINK_EMU_GetList(InterfaceMask = 0x00000002, MaxInfos = 0x00000032) 
TCE38 12685:711.360 - 37.160ms returns 0
TCE38 12686:748.672 JLINK_EMU_GetList(InterfaceMask = 0x00000001, MaxInfos = 0x00000032) 
TCE38 12686:750.720 - 1.109ms returns 0
TCE38 12686:750.720 JLINK_EMU_GetList(InterfaceMask = 0x00000002, MaxInfos = 0x00000032) 
TCE38 12686:784.512 - 33.676ms returns 0
TCE38 12687:882.240 JLINK_EMU_GetList(InterfaceMask = 0x00000001, MaxInfos = 0x00000032) 
TCE38 12687:885.312 - 3.537ms returns 0
TCE38 12687:885.312 JLINK_EMU_GetList(InterfaceMask = 0x00000002, MaxInfos = 0x00000032) 
TCE38 12687:910.912 - 25.676ms returns 0
TCE38 12688:962.560 JLINK_EMU_GetList(InterfaceMask = 0x00000001, MaxInfos = 0x00000032) 
TCE38 12688:963.584 - 1.855ms returns 0
TCE38 12688:963.584 JLINK_EMU_GetList(InterfaceMask = 0x00000002, MaxInfos = 0x00000032) 
TCE38 12688:993.280 - 29.515ms returns 0
TCE38 12690:032.640 JLINK_EMU_GetList(InterfaceMask = 0x00000001, MaxInfos = 0x00000032) 
TCE38 12690:033.664 - 1.314ms returns 0
TCE38 12690:034.688 JLINK_EMU_GetList(InterfaceMask = 0x00000002, MaxInfos = 0x00000032) 
TCE38 12690:064.384 - 29.773ms returns 0
